<?xml version="1.0" encoding="UTF-8"?>
<!-- Generated by org.testng.reporters.JUnitReportReporter -->
<testsuite hostname="vivobook-asuslaptop-x512flc-x512fl" failures="0" tests="1" name="com.test.Scanning_Report.Dataset" time="0.478" errors="0" timestamp="2024-01-17T14:50:10 IST" skipped="0">
  <testcase classname="com.test.Scanning_Report.Dataset" name="testDB" time="0.478"/>
  <system-out/>
</testsuite> <!-- com.test.Scanning_Report.Dataset -->
